  0VOlihiN.cpp
C:\Users\Camille\OneDrive\Documents\SFML\Games\OmniXV0_By_OmniXV0\0VOlihiN.cpp(231,100): warning C4244: 'argument': conversion from 'T' to 'float', possible loss of data
          with
          [
              T=int
          ]
C:\Users\Camille\OneDrive\Documents\SFML\Games\OmniXV0_By_OmniXV0\0VOlihiN.cpp(231,59): warning C4244: 'argument': conversion from 'T' to 'float', possible loss of data
          with
          [
              T=int
          ]
C:\Users\Camille\OneDrive\Documents\SFML\Games\OmniXV0_By_OmniXV0\0VOlihiN.cpp(232,102): warning C4244: 'argument': conversion from 'T' to 'float', possible loss of data
          with
          [
              T=int
          ]
C:\Users\Camille\OneDrive\Documents\SFML\Games\OmniXV0_By_OmniXV0\0VOlihiN.cpp(232,61): warning C4244: 'argument': conversion from 'T' to 'float', possible loss of data
          with
          [
              T=int
          ]
C:\Users\Camille\OneDrive\Documents\SFML\Games\OmniXV0_By_OmniXV0\0VOlihiN.cpp(233,102): warning C4244: 'argument': conversion from 'T' to 'float', possible loss of data
          with
          [
              T=int
          ]
C:\Users\Camille\OneDrive\Documents\SFML\Games\OmniXV0_By_OmniXV0\0VOlihiN.cpp(233,61): warning C4244: 'argument': conversion from 'T' to 'float', possible loss of data
          with
          [
              T=int
          ]
C:\Users\Camille\OneDrive\Documents\SFML\Games\OmniXV0_By_OmniXV0\0VOlihiN.cpp(252,101): warning C4244: 'argument': conversion from 'T' to 'float', possible loss of data
          with
          [
              T=int
          ]
C:\Users\Camille\OneDrive\Documents\SFML\Games\OmniXV0_By_OmniXV0\0VOlihiN.cpp(252,60): warning C4244: 'argument': conversion from 'T' to 'float', possible loss of data
          with
          [
              T=int
          ]
C:\Users\Camille\OneDrive\Documents\SFML\Games\OmniXV0_By_OmniXV0\0VOlihiN.cpp(253,103): warning C4244: 'argument': conversion from 'T' to 'float', possible loss of data
          with
          [
              T=int
          ]
C:\Users\Camille\OneDrive\Documents\SFML\Games\OmniXV0_By_OmniXV0\0VOlihiN.cpp(253,62): warning C4244: 'argument': conversion from 'T' to 'float', possible loss of data
          with
          [
              T=int
          ]
C:\Users\Camille\OneDrive\Documents\SFML\Games\OmniXV0_By_OmniXV0\0VOlihiN.cpp(254,103): warning C4244: 'argument': conversion from 'T' to 'float', possible loss of data
          with
          [
              T=int
          ]
C:\Users\Camille\OneDrive\Documents\SFML\Games\OmniXV0_By_OmniXV0\0VOlihiN.cpp(254,62): warning C4244: 'argument': conversion from 'T' to 'float', possible loss of data
          with
          [
              T=int
          ]
C:\Users\Camille\OneDrive\Documents\SFML\Games\OmniXV0_By_OmniXV0\0VOlihiN.cpp(269,101): warning C4244: 'argument': conversion from 'T' to 'float', possible loss of data
          with
          [
              T=int
          ]
C:\Users\Camille\OneDrive\Documents\SFML\Games\OmniXV0_By_OmniXV0\0VOlihiN.cpp(269,60): warning C4244: 'argument': conversion from 'T' to 'float', possible loss of data
          with
          [
              T=int
          ]
C:\Users\Camille\OneDrive\Documents\SFML\Games\OmniXV0_By_OmniXV0\0VOlihiN.cpp(270,103): warning C4244: 'argument': conversion from 'T' to 'float', possible loss of data
          with
          [
              T=int
          ]
C:\Users\Camille\OneDrive\Documents\SFML\Games\OmniXV0_By_OmniXV0\0VOlihiN.cpp(270,62): warning C4244: 'argument': conversion from 'T' to 'float', possible loss of data
          with
          [
              T=int
          ]
C:\Users\Camille\OneDrive\Documents\SFML\Games\OmniXV0_By_OmniXV0\0VOlihiN.cpp(271,103): warning C4244: 'argument': conversion from 'T' to 'float', possible loss of data
          with
          [
              T=int
          ]
C:\Users\Camille\OneDrive\Documents\SFML\Games\OmniXV0_By_OmniXV0\0VOlihiN.cpp(271,62): warning C4244: 'argument': conversion from 'T' to 'float', possible loss of data
          with
          [
              T=int
          ]
C:\Users\Camille\OneDrive\Documents\SFML\Games\OmniXV0_By_OmniXV0\0VOlihiN.cpp(679,100): warning C4244: 'argument': conversion from 'T' to 'float', possible loss of data
          with
          [
              T=int
          ]
C:\Users\Camille\OneDrive\Documents\SFML\Games\OmniXV0_By_OmniXV0\0VOlihiN.cpp(679,59): warning C4244: 'argument': conversion from 'T' to 'float', possible loss of data
          with
          [
              T=int
          ]
C:\Users\Camille\OneDrive\Documents\SFML\Games\OmniXV0_By_OmniXV0\0VOlihiN.cpp(680,102): warning C4244: 'argument': conversion from 'T' to 'float', possible loss of data
          with
          [
              T=int
          ]
C:\Users\Camille\OneDrive\Documents\SFML\Games\OmniXV0_By_OmniXV0\0VOlihiN.cpp(680,61): warning C4244: 'argument': conversion from 'T' to 'float', possible loss of data
          with
          [
              T=int
          ]
C:\Users\Camille\OneDrive\Documents\SFML\Games\OmniXV0_By_OmniXV0\0VOlihiN.cpp(681,102): warning C4244: 'argument': conversion from 'T' to 'float', possible loss of data
          with
          [
              T=int
          ]
C:\Users\Camille\OneDrive\Documents\SFML\Games\OmniXV0_By_OmniXV0\0VOlihiN.cpp(681,61): warning C4244: 'argument': conversion from 'T' to 'float', possible loss of data
          with
          [
              T=int
          ]
  OmniXV0_By_OmniXV0.vcxproj -> C:\Users\Camille\OneDrive\Documents\SFML\Games\OmniXV0_By_OmniXV0\Debug\OmniXV0_By_OmniXV0.exe
